<?xml version='1.0' encoding='UTF-8'?>
<testsuite hostname="C02YH0K5JHD5" name="quickcheck.QuickCheckBinomialHeap" tests="7" errors="3" failures="0" skipped="0" time="-0.007" timestamp="2020-04-02T00:12:45">
                     <properties>
[...]
</properties>
                     <testcase classname="quickcheck.QuickCheckBinomialHeap" name="gen1" time="-0.001">
                                                 
                                               </testcase><testcase classname="quickcheck.QuickCheckBinomialHeap" name="the minimum of the heap should be the smallest of the two elements inserted" time="-0.001">
                                                 
                                               </testcase><testcase classname="quickcheck.QuickCheckBinomialHeap" name="inserting an element and deleting the minimum on an empty heap should result into empty heap" time="-0.001">
                                                 
                                               </testcase><testcase classname="quickcheck.QuickCheckBinomialHeap" name="should get a sorted sequence of elements when continually finding and deleting minima" time="-0.001">
                                                 
                                               </testcase><testcase classname="quickcheck.QuickCheckBinomialHeap" name="finding a minimum of the melding of any two heaps should return a minimum of one or the other" time="-0.001">
                                                 <error message="java.util.NoSuchElementException: min of empty heap" type="sbt.ForkMain$ForkError">sbt.ForkMain$ForkError: java.util.NoSuchElementException: min of empty heap
	at quickcheck.BinomialHeap.findMin(Heap.scala:57)
	at quickcheck.BinomialHeap.findMin$(Heap.scala:56)
	at quickcheck.QuickCheckBinomialHeap$.findMin(QuickCheckSuite.scala:12)
	at quickcheck.QuickCheckBinomialHeap$.findMin(QuickCheckSuite.scala:12)
	at quickcheck.QuickCheckHeap.$anonfun$new$19(QuickCheck.scala:90)
	at quickcheck.QuickCheckHeap.$anonfun$new$19$adapted(QuickCheck.scala:88)
	at org.scalacheck.Prop$.$anonfun$forAll$18(Prop.scala:921)
	at scala.Function1.$anonfun$andThen$1(Function1.scala:85)
	at org.scalacheck.Prop$.$anonfun$forAllShrink$2(Prop.scala:761)
	at org.scalacheck.Prop$.secure(Prop.scala:471)
	at org.scalacheck.Prop$.result$1(Prop.scala:761)
	at org.scalacheck.Prop$.$anonfun$forAllShrink$1(Prop.scala:800)
	at org.scalacheck.Prop$.$anonfun$apply$1(Prop.scala:307)
	at org.scalacheck.PropFromFun.apply(Prop.scala:22)
	at org.scalacheck.Prop$.result$1(Prop.scala:762)
	at org.scalacheck.Prop$.$anonfun$forAllShrink$1(Prop.scala:800)
	at org.scalacheck.Prop$.$anonfun$apply$1(Prop.scala:307)
	at org.scalacheck.PropFromFun.apply(Prop.scala:22)
	at org.scalacheck.Prop$.$anonfun$delay$1(Prop.scala:476)
	at org.scalacheck.Prop$.$anonfun$apply$1(Prop.scala:307)
	at org.scalacheck.PropFromFun.apply(Prop.scala:22)
	at org.scalacheck.Test$.workerFun$1(Test.scala:326)
	at org.scalacheck.Test$.$anonfun$check$1(Test.scala:355)
	at org.scalacheck.Test$.$anonfun$check$1$adapted(Test.scala:355)
	at org.scalacheck.Platform$.runWorkers(Platform.scala:40)
	at org.scalacheck.Test$.check(Test.scala:355)
	at org.scalacheck.ScalaCheckRunner$$anon$2.executeInternal(ScalaCheckFramework.scala:123)
	at org.scalacheck.ScalaCheckRunner$$anon$2.$anonfun$execute$11(ScalaCheckFramework.scala:113)
	at org.scalacheck.ScalaCheckRunner$$anon$2.$anonfun$execute$11$adapted(ScalaCheckFramework.scala:112)
	at scala.collection.IterableOnceOps.foreach(IterableOnce.scala:576)
	at scala.collection.IterableOnceOps.foreach$(IterableOnce.scala:574)
	at scala.collection.AbstractIterable.foreach(Iterable.scala:904)
	at scala.collection.IterableOps$WithFilter.foreach(Iterable.scala:874)
	at org.scalacheck.ScalaCheckRunner$$anon$2.execute(ScalaCheckFramework.scala:112)
	at sbt.ForkMain$Run.lambda$runTest$1(ForkMain.java:304)
	at java.util.concurrent.FutureTask.run(FutureTask.java:266)
	at java.util.concurrent.ThreadPoolExecutor.runWorker(ThreadPoolExecutor.java:1149)
	at java.util.concurrent.ThreadPoolExecutor$Worker.run(ThreadPoolExecutor.java:624)
	at java.lang.Thread.run(Thread.java:748)
</error>
                                               </testcase><testcase classname="quickcheck.QuickCheckBinomialHeap" name="two heaps should be of equal if removing min elements till both heaps empty" time="-0.001">
                                                 <error message="java.util.NoSuchElementException: delete min of empty heap" type="sbt.ForkMain$ForkError">sbt.ForkMain$ForkError: java.util.NoSuchElementException: delete min of empty heap
	at quickcheck.BinomialHeap.deleteMin(Heap.scala:64)
	at quickcheck.BinomialHeap.deleteMin$(Heap.scala:63)
	at quickcheck.QuickCheckBinomialHeap$.deleteMin(QuickCheckSuite.scala:12)
	at quickcheck.QuickCheckBinomialHeap$.deleteMin(QuickCheckSuite.scala:12)
	at quickcheck.QuickCheckHeap.$anonfun$new$24(QuickCheck.scala:107)
	at quickcheck.QuickCheckHeap.$anonfun$new$24$adapted(QuickCheck.scala:98)
	at org.scalacheck.Prop$.$anonfun$forAll$18(Prop.scala:921)
	at scala.Function1.$anonfun$andThen$1(Function1.scala:85)
	at org.scalacheck.Prop$.$anonfun$forAllShrink$2(Prop.scala:761)
	at org.scalacheck.Prop$.secure(Prop.scala:471)
	at org.scalacheck.Prop$.result$1(Prop.scala:761)
	at org.scalacheck.Prop$.$anonfun$forAllShrink$1(Prop.scala:800)
	at org.scalacheck.Prop$.$anonfun$apply$1(Prop.scala:307)
	at org.scalacheck.PropFromFun.apply(Prop.scala:22)
	at org.scalacheck.Prop$.result$1(Prop.scala:762)
	at org.scalacheck.Prop$.$anonfun$forAllShrink$1(Prop.scala:800)
	at org.scalacheck.Prop$.$anonfun$apply$1(Prop.scala:307)
	at org.scalacheck.PropFromFun.apply(Prop.scala:22)
	at org.scalacheck.Prop$.$anonfun$delay$1(Prop.scala:476)
	at org.scalacheck.Prop$.$anonfun$apply$1(Prop.scala:307)
	at org.scalacheck.PropFromFun.apply(Prop.scala:22)
	at org.scalacheck.Test$.workerFun$1(Test.scala:326)
	at org.scalacheck.Test$.$anonfun$check$1(Test.scala:355)
	at org.scalacheck.Test$.$anonfun$check$1$adapted(Test.scala:355)
	at org.scalacheck.Platform$.runWorkers(Platform.scala:40)
	at org.scalacheck.Test$.check(Test.scala:355)
	at org.scalacheck.ScalaCheckRunner$$anon$2.executeInternal(ScalaCheckFramework.scala:123)
	at org.scalacheck.ScalaCheckRunner$$anon$2.$anonfun$execute$11(ScalaCheckFramework.scala:113)
	at org.scalacheck.ScalaCheckRunner$$anon$2.$anonfun$execute$11$adapted(ScalaCheckFramework.scala:112)
	at scala.collection.IterableOnceOps.foreach(IterableOnce.scala:576)
	at scala.collection.IterableOnceOps.foreach$(IterableOnce.scala:574)
	at scala.collection.AbstractIterable.foreach(Iterable.scala:904)
	at scala.collection.IterableOps$WithFilter.foreach(Iterable.scala:874)
	at org.scalacheck.ScalaCheckRunner$$anon$2.execute(ScalaCheckFramework.scala:112)
	at sbt.ForkMain$Run.lambda$runTest$1(ForkMain.java:304)
	at java.util.concurrent.FutureTask.run(FutureTask.java:266)
	at java.util.concurrent.ThreadPoolExecutor.runWorker(ThreadPoolExecutor.java:1149)
	at java.util.concurrent.ThreadPoolExecutor$Worker.run(ThreadPoolExecutor.java:624)
	at java.lang.Thread.run(Thread.java:748)
</error>
                                               </testcase><testcase classname="quickcheck.QuickCheckBinomialHeap" name="The minimal value of 2 heaps should be the minimal after dispacing it from heap 1 to 2 and melding both" time="-0.001">
                                                 <error message="java.util.NoSuchElementException: min of empty heap" type="sbt.ForkMain$ForkError">sbt.ForkMain$ForkError: java.util.NoSuchElementException: min of empty heap
	at quickcheck.BinomialHeap.findMin(Heap.scala:57)
	at quickcheck.BinomialHeap.findMin$(Heap.scala:56)
	at quickcheck.QuickCheckBinomialHeap$.findMin(QuickCheckSuite.scala:12)
	at quickcheck.QuickCheckBinomialHeap$.findMin(QuickCheckSuite.scala:12)
	at quickcheck.QuickCheckHeap.$anonfun$new$29(QuickCheck.scala:111)
	at quickcheck.QuickCheckHeap.$anonfun$new$29$adapted(QuickCheck.scala:110)
	at org.scalacheck.Prop$.$anonfun$forAll$18(Prop.scala:921)
	at scala.Function1.$anonfun$andThen$1(Function1.scala:85)
	at org.scalacheck.Prop$.$anonfun$forAllShrink$2(Prop.scala:761)
	at org.scalacheck.Prop$.secure(Prop.scala:471)
	at org.scalacheck.Prop$.result$1(Prop.scala:761)
	at org.scalacheck.Prop$.$anonfun$forAllShrink$1(Prop.scala:800)
	at org.scalacheck.Prop$.$anonfun$apply$1(Prop.scala:307)
	at org.scalacheck.PropFromFun.apply(Prop.scala:22)
	at org.scalacheck.Prop$.result$1(Prop.scala:762)
	at org.scalacheck.Prop$.$anonfun$forAllShrink$1(Prop.scala:800)
	at org.scalacheck.Prop$.$anonfun$apply$1(Prop.scala:307)
	at org.scalacheck.PropFromFun.apply(Prop.scala:22)
	at org.scalacheck.Prop$.$anonfun$delay$1(Prop.scala:476)
	at org.scalacheck.Prop$.$anonfun$apply$1(Prop.scala:307)
	at org.scalacheck.PropFromFun.apply(Prop.scala:22)
	at org.scalacheck.Test$.workerFun$1(Test.scala:326)
	at org.scalacheck.Test$.$anonfun$check$1(Test.scala:355)
	at org.scalacheck.Test$.$anonfun$check$1$adapted(Test.scala:355)
	at org.scalacheck.Platform$.runWorkers(Platform.scala:40)
	at org.scalacheck.Test$.check(Test.scala:355)
	at org.scalacheck.ScalaCheckRunner$$anon$2.executeInternal(ScalaCheckFramework.scala:123)
	at org.scalacheck.ScalaCheckRunner$$anon$2.$anonfun$execute$11(ScalaCheckFramework.scala:113)
	at org.scalacheck.ScalaCheckRunner$$anon$2.$anonfun$execute$11$adapted(ScalaCheckFramework.scala:112)
	at scala.collection.IterableOnceOps.foreach(IterableOnce.scala:576)
	at scala.collection.IterableOnceOps.foreach$(IterableOnce.scala:574)
	at scala.collection.AbstractIterable.foreach(Iterable.scala:904)
	at scala.collection.IterableOps$WithFilter.foreach(Iterable.scala:874)
	at org.scalacheck.ScalaCheckRunner$$anon$2.execute(ScalaCheckFramework.scala:112)
	at sbt.ForkMain$Run.lambda$runTest$1(ForkMain.java:304)
	at java.util.concurrent.FutureTask.run(FutureTask.java:266)
	at java.util.concurrent.ThreadPoolExecutor.runWorker(ThreadPoolExecutor.java:1149)
	at java.util.concurrent.ThreadPoolExecutor$Worker.run(ThreadPoolExecutor.java:624)
	at java.lang.Thread.run(Thread.java:748)
</error>
                                               </testcase>
                     <system-out><![CDATA[]]></system-out>
                     <system-err><![CDATA[]]></system-err>
                   </testsuite>